{"E:\\FORIT\\2023q4\\REACT_2024Q3\\src\\main.tsx": {"path":"E:\\FORIT\\2023q4\\REACT_2024Q3\\src\\main.tsx","all":true,"statementMap":{"0":{"start":{"line":1,"column":0},"end":{"line":1,"column":39}},"1":{"start":{"line":2,"column":0},"end":{"line":2,"column":20}},"2":{"start":{"line":3,"column":0},"end":{"line":3,"column":49}},"3":{"start":{"line":4,"column":0},"end":{"line":4,"column":45}},"4":{"start":{"line":5,"column":0},"end":{"line":5,"column":25}},"6":{"start":{"line":7,"column":0},"end":{"line":7,"column":61}},"7":{"start":{"line":8,"column":0},"end":{"line":8,"column":20}},"8":{"start":{"line":9,"column":0},"end":{"line":9,"column":38}},"9":{"start":{"line":10,"column":0},"end":{"line":10,"column":21}},"10":{"start":{"line":11,"column":0},"end":{"line":11,"column":1}}},"s":{"0":0,"1":0,"2":0,"3":0,"4":0,"6":0,"7":0,"8":0,"9":0,"10":0},"branchMap":{"0":{"type":"branch","line":1,"loc":{"start":{"line":1,"column":329},"end":{"line":11,"column":1}},"locations":[{"start":{"line":1,"column":329},"end":{"line":11,"column":1}}]}},"b":{"0":[0]},"fnMap":{"0":{"name":"(empty-report)","decl":{"start":{"line":1,"column":329},"end":{"line":11,"column":1}},"loc":{"start":{"line":1,"column":329},"end":{"line":11,"column":1}},"line":1}},"f":{"0":0}}
,"E:\\FORIT\\2023q4\\REACT_2024Q3\\src\\core\\components\\error-boundary\\ErrorBoundary.tsx": {"path":"E:\\FORIT\\2023q4\\REACT_2024Q3\\src\\core\\components\\error-boundary\\ErrorBoundary.tsx","all":true,"statementMap":{"0":{"start":{"line":1,"column":0},"end":{"line":1,"column":44}},"1":{"start":{"line":2,"column":0},"end":{"line":2,"column":43}},"11":{"start":{"line":12,"column":0},"end":{"line":12,"column":68}},"12":{"start":{"line":13,"column":0},"end":{"line":13,"column":11}},"13":{"start":{"line":14,"column":0},"end":{"line":14,"column":17}},"14":{"start":{"line":15,"column":0},"end":{"line":15,"column":3}},"16":{"start":{"line":17,"column":0},"end":{"line":17,"column":37}},"17":{"start":{"line":18,"column":0},"end":{"line":18,"column":26}},"18":{"start":{"line":19,"column":0},"end":{"line":19,"column":3}},"20":{"start":{"line":21,"column":0},"end":{"line":21,"column":23}},"21":{"start":{"line":22,"column":0},"end":{"line":22,"column":12}},"22":{"start":{"line":23,"column":0},"end":{"line":23,"column":8}},"23":{"start":{"line":24,"column":0},"end":{"line":24,"column":30}},"24":{"start":{"line":25,"column":0},"end":{"line":25,"column":69}},"26":{"start":{"line":27,"column":0},"end":{"line":27,"column":50}},"27":{"start":{"line":28,"column":0},"end":{"line":28,"column":9}},"29":{"start":{"line":30,"column":0},"end":{"line":30,"column":3}},"30":{"start":{"line":31,"column":0},"end":{"line":31,"column":1}}},"s":{"0":0,"1":0,"11":0,"12":0,"13":0,"14":0,"16":0,"17":0,"18":0,"20":0,"21":0,"22":0,"23":0,"24":0,"26":0,"27":0,"29":0,"30":0},"branchMap":{"0":{"type":"branch","line":1,"loc":{"start":{"line":1,"column":0},"end":{"line":31,"column":-250}},"locations":[{"start":{"line":1,"column":0},"end":{"line":31,"column":-250}}]}},"b":{"0":[0]},"fnMap":{"0":{"name":"(empty-report)","decl":{"start":{"line":1,"column":0},"end":{"line":31,"column":-250}},"loc":{"start":{"line":1,"column":0},"end":{"line":31,"column":-250}},"line":1}},"f":{"0":0}}
,"E:\\FORIT\\2023q4\\REACT_2024Q3\\src\\core\\components\\fallback\\Fallback.tsx": {"path":"E:\\FORIT\\2023q4\\REACT_2024Q3\\src\\core\\components\\fallback\\Fallback.tsx","all":true,"statementMap":{"0":{"start":{"line":1,"column":0},"end":{"line":1,"column":61}},"1":{"start":{"line":2,"column":0},"end":{"line":2,"column":65}},"2":{"start":{"line":3,"column":0},"end":{"line":3,"column":42}},"4":{"start":{"line":5,"column":0},"end":{"line":5,"column":70}},"5":{"start":{"line":6,"column":0},"end":{"line":6,"column":55}},"6":{"start":{"line":7,"column":0},"end":{"line":7,"column":10}},"7":{"start":{"line":8,"column":0},"end":{"line":8,"column":37}},"8":{"start":{"line":9,"column":0},"end":{"line":9,"column":66}},"9":{"start":{"line":10,"column":0},"end":{"line":10,"column":13}},"10":{"start":{"line":11,"column":0},"end":{"line":11,"column":24}},"11":{"start":{"line":12,"column":0},"end":{"line":12,"column":30}},"12":{"start":{"line":13,"column":0},"end":{"line":13,"column":18}},"13":{"start":{"line":14,"column":0},"end":{"line":14,"column":10}},"14":{"start":{"line":15,"column":0},"end":{"line":15,"column":7}},"16":{"start":{"line":17,"column":0},"end":{"line":17,"column":15}},"17":{"start":{"line":18,"column":0},"end":{"line":18,"column":10}},"19":{"start":{"line":20,"column":0},"end":{"line":20,"column":1}}},"s":{"0":0,"1":0,"2":0,"4":0,"5":0,"6":0,"7":0,"8":0,"9":0,"10":0,"11":0,"12":0,"13":0,"14":0,"16":0,"17":0,"19":0},"branchMap":{"0":{"type":"branch","line":1,"loc":{"start":{"line":1,"column":0},"end":{"line":20,"column":-297}},"locations":[{"start":{"line":1,"column":0},"end":{"line":20,"column":-297}}]}},"b":{"0":[0]},"fnMap":{"0":{"name":"(empty-report)","decl":{"start":{"line":1,"column":0},"end":{"line":20,"column":-297}},"loc":{"start":{"line":1,"column":0},"end":{"line":20,"column":-297}},"line":1}},"f":{"0":0}}
,"E:\\FORIT\\2023q4\\REACT_2024Q3\\src\\core\\components\\header\\Header.tsx": {"path":"E:\\FORIT\\2023q4\\REACT_2024Q3\\src\\core\\components\\header\\Header.tsx","all":false,"statementMap":{"0":{"start":{"line":1,"column":0},"end":{"line":1,"column":38}},"1":{"start":{"line":2,"column":0},"end":{"line":2,"column":61}},"2":{"start":{"line":3,"column":0},"end":{"line":3,"column":40}},"9":{"start":{"line":10,"column":0},"end":{"line":10,"column":66}},"10":{"start":{"line":11,"column":0},"end":{"line":11,"column":54}},"12":{"start":{"line":13,"column":0},"end":{"line":13,"column":10}},"13":{"start":{"line":14,"column":0},"end":{"line":14,"column":38}},"14":{"start":{"line":15,"column":0},"end":{"line":15,"column":12}},"15":{"start":{"line":16,"column":0},"end":{"line":16,"column":32}},"16":{"start":{"line":17,"column":0},"end":{"line":17,"column":21}},"17":{"start":{"line":18,"column":0},"end":{"line":18,"column":21}},"18":{"start":{"line":19,"column":0},"end":{"line":19,"column":71}},"19":{"start":{"line":20,"column":0},"end":{"line":20,"column":8}},"20":{"start":{"line":21,"column":0},"end":{"line":21,"column":59}},"21":{"start":{"line":22,"column":0},"end":{"line":22,"column":13}},"23":{"start":{"line":24,"column":0},"end":{"line":24,"column":2}},"25":{"start":{"line":26,"column":0},"end":{"line":26,"column":21}}},"s":{"0":1,"1":1,"2":1,"9":1,"10":7,"12":7,"13":7,"14":7,"15":7,"16":7,"17":7,"18":7,"19":7,"20":7,"21":7,"23":7,"25":1},"branchMap":{"0":{"type":"branch","line":10,"loc":{"start":{"line":10,"column":20},"end":{"line":24,"column":2}},"locations":[{"start":{"line":10,"column":20},"end":{"line":24,"column":2}}]},"1":{"type":"branch","line":19,"loc":{"start":{"line":19,"column":17},"end":{"line":19,"column":71}},"locations":[{"start":{"line":19,"column":17},"end":{"line":19,"column":71}}]},"2":{"type":"branch","line":21,"loc":{"start":{"line":21,"column":23},"end":{"line":21,"column":44}},"locations":[{"start":{"line":21,"column":23},"end":{"line":21,"column":44}}]}},"b":{"0":[7],"1":[1],"2":[1]},"fnMap":{"0":{"name":"onInput","decl":{"start":{"line":19,"column":17},"end":{"line":19,"column":71}},"loc":{"start":{"line":19,"column":17},"end":{"line":19,"column":71}},"line":19},"1":{"name":"onClick","decl":{"start":{"line":21,"column":23},"end":{"line":21,"column":44}},"loc":{"start":{"line":21,"column":23},"end":{"line":21,"column":44}},"line":21}},"f":{"0":1,"1":1}}
,"E:\\FORIT\\2023q4\\REACT_2024Q3\\src\\core\\components\\main\\Main.tsx": {"path":"E:\\FORIT\\2023q4\\REACT_2024Q3\\src\\core\\components\\main\\Main.tsx","all":false,"statementMap":{"0":{"start":{"line":1,"column":0},"end":{"line":1,"column":38}},"1":{"start":{"line":2,"column":0},"end":{"line":2,"column":55}},"2":{"start":{"line":3,"column":0},"end":{"line":3,"column":95}},"4":{"start":{"line":5,"column":0},"end":{"line":5,"column":65}},"5":{"start":{"line":6,"column":0},"end":{"line":6,"column":49}},"11":{"start":{"line":12,"column":0},"end":{"line":12,"column":51}},"12":{"start":{"line":13,"column":0},"end":{"line":13,"column":51}},"13":{"start":{"line":14,"column":0},"end":{"line":14,"column":10}},"14":{"start":{"line":15,"column":0},"end":{"line":15,"column":34}},"15":{"start":{"line":16,"column":0},"end":{"line":16,"column":41}},"16":{"start":{"line":17,"column":0},"end":{"line":17,"column":10}},"17":{"start":{"line":18,"column":0},"end":{"line":18,"column":60}},"18":{"start":{"line":19,"column":0},"end":{"line":19,"column":41}},"19":{"start":{"line":20,"column":0},"end":{"line":20,"column":48}},"20":{"start":{"line":21,"column":0},"end":{"line":21,"column":15}},"21":{"start":{"line":22,"column":0},"end":{"line":22,"column":15}},"22":{"start":{"line":23,"column":0},"end":{"line":23,"column":11}},"24":{"start":{"line":25,"column":0},"end":{"line":25,"column":61}},"25":{"start":{"line":26,"column":0},"end":{"line":26,"column":64}},"26":{"start":{"line":27,"column":0},"end":{"line":27,"column":11}},"28":{"start":{"line":29,"column":0},"end":{"line":29,"column":1}}},"s":{"0":1,"1":1,"2":1,"4":1,"5":1,"11":0,"12":0,"13":0,"14":0,"15":0,"16":0,"17":0,"18":0,"19":0,"20":0,"21":0,"22":0,"24":0,"25":0,"26":0,"28":0},"branchMap":{},"b":{},"fnMap":{"0":{"name":"Main","decl":{"start":{"line":12,"column":0},"end":{"line":29,"column":1}},"loc":{"start":{"line":12,"column":0},"end":{"line":29,"column":1}},"line":12}},"f":{"0":0}}
,"E:\\FORIT\\2023q4\\REACT_2024Q3\\src\\core\\components\\pagination\\Pagination.tsx": {"path":"E:\\FORIT\\2023q4\\REACT_2024Q3\\src\\core\\components\\pagination\\Pagination.tsx","all":false,"statementMap":{"0":{"start":{"line":1,"column":0},"end":{"line":1,"column":44}},"1":{"start":{"line":2,"column":0},"end":{"line":2,"column":65}},"2":{"start":{"line":3,"column":0},"end":{"line":3,"column":61}},"4":{"start":{"line":5,"column":0},"end":{"line":5,"column":76}},"5":{"start":{"line":6,"column":0},"end":{"line":6,"column":46}},"6":{"start":{"line":7,"column":0},"end":{"line":7,"column":52}},"8":{"start":{"line":9,"column":0},"end":{"line":9,"column":10}},"9":{"start":{"line":10,"column":0},"end":{"line":10,"column":64}},"10":{"start":{"line":11,"column":0},"end":{"line":11,"column":51}},"11":{"start":{"line":12,"column":0},"end":{"line":12,"column":15}},"12":{"start":{"line":13,"column":0},"end":{"line":13,"column":17}},"13":{"start":{"line":14,"column":0},"end":{"line":14,"column":48}},"14":{"start":{"line":15,"column":0},"end":{"line":15,"column":47}},"15":{"start":{"line":16,"column":0},"end":{"line":16,"column":45}},"17":{"start":{"line":18,"column":0},"end":{"line":18,"column":17}},"18":{"start":{"line":19,"column":0},"end":{"line":19,"column":17}},"19":{"start":{"line":20,"column":0},"end":{"line":20,"column":9}},"20":{"start":{"line":21,"column":0},"end":{"line":21,"column":10}},"22":{"start":{"line":23,"column":0},"end":{"line":23,"column":1}}},"s":{"0":1,"1":1,"2":1,"4":4,"5":4,"6":4,"8":4,"9":4,"10":4,"11":32,"12":32,"13":32,"14":32,"15":32,"17":32,"18":32,"19":4,"20":4,"22":4},"branchMap":{"0":{"type":"branch","line":5,"loc":{"start":{"line":5,"column":0},"end":{"line":23,"column":1}},"locations":[{"start":{"line":5,"column":0},"end":{"line":23,"column":1}}]},"1":{"type":"branch","line":11,"loc":{"start":{"line":11,"column":40},"end":{"line":19,"column":17}},"locations":[{"start":{"line":11,"column":40},"end":{"line":19,"column":17}}]},"2":{"type":"branch","line":14,"loc":{"start":{"line":14,"column":23},"end":{"line":14,"column":48}},"locations":[{"start":{"line":14,"column":23},"end":{"line":14,"column":48}}]},"3":{"type":"branch","line":15,"loc":{"start":{"line":15,"column":19},"end":{"line":15,"column":47}},"locations":[{"start":{"line":15,"column":19},"end":{"line":15,"column":47}}]}},"b":{"0":[4],"1":[32],"2":[24],"3":[2]},"fnMap":{"0":{"name":"Pagination","decl":{"start":{"line":5,"column":0},"end":{"line":23,"column":1}},"loc":{"start":{"line":5,"column":0},"end":{"line":23,"column":1}},"line":5},"1":{"name":"onClick","decl":{"start":{"line":15,"column":19},"end":{"line":15,"column":47}},"loc":{"start":{"line":15,"column":19},"end":{"line":15,"column":47}},"line":15}},"f":{"0":4,"1":2}}
,"E:\\FORIT\\2023q4\\REACT_2024Q3\\src\\core\\router\\router.tsx": {"path":"E:\\FORIT\\2023q4\\REACT_2024Q3\\src\\core\\router\\router.tsx","all":true,"statementMap":{"0":{"start":{"line":1,"column":0},"end":{"line":1,"column":55}},"1":{"start":{"line":2,"column":0},"end":{"line":2,"column":56}},"2":{"start":{"line":3,"column":0},"end":{"line":3,"column":71}},"4":{"start":{"line":5,"column":0},"end":{"line":5,"column":36}},"5":{"start":{"line":6,"column":0},"end":{"line":6,"column":3}},"6":{"start":{"line":7,"column":0},"end":{"line":7,"column":14}},"7":{"start":{"line":8,"column":0},"end":{"line":8,"column":14}},"8":{"start":{"line":9,"column":0},"end":{"line":9,"column":21}},"9":{"start":{"line":10,"column":0},"end":{"line":10,"column":18}},"10":{"start":{"line":11,"column":0},"end":{"line":11,"column":22}},"12":{"start":{"line":13,"column":0},"end":{"line":13,"column":15}},"13":{"start":{"line":14,"column":0},"end":{"line":14,"column":7}},"14":{"start":{"line":15,"column":0},"end":{"line":15,"column":18}},"15":{"start":{"line":16,"column":0},"end":{"line":16,"column":29}},"16":{"start":{"line":17,"column":0},"end":{"line":17,"column":8}},"17":{"start":{"line":18,"column":0},"end":{"line":18,"column":6}},"18":{"start":{"line":19,"column":0},"end":{"line":19,"column":4}},"19":{"start":{"line":20,"column":0},"end":{"line":20,"column":3}},"20":{"start":{"line":21,"column":0},"end":{"line":21,"column":14}},"21":{"start":{"line":22,"column":0},"end":{"line":22,"column":26}},"22":{"start":{"line":23,"column":0},"end":{"line":23,"column":4}},"23":{"start":{"line":24,"column":0},"end":{"line":24,"column":3}},"25":{"start":{"line":26,"column":0},"end":{"line":26,"column":22}}},"s":{"0":0,"1":0,"2":0,"4":0,"5":0,"6":0,"7":0,"8":0,"9":0,"10":0,"12":0,"13":0,"14":0,"15":0,"16":0,"17":0,"18":0,"19":0,"20":0,"21":0,"22":0,"23":0,"25":0},"branchMap":{"0":{"type":"branch","line":1,"loc":{"start":{"line":1,"column":500},"end":{"line":26,"column":22}},"locations":[{"start":{"line":1,"column":500},"end":{"line":26,"column":22}}]}},"b":{"0":[0]},"fnMap":{"0":{"name":"(empty-report)","decl":{"start":{"line":1,"column":500},"end":{"line":26,"column":22}},"loc":{"start":{"line":1,"column":500},"end":{"line":26,"column":22}},"line":1}},"f":{"0":0}}
,"E:\\FORIT\\2023q4\\REACT_2024Q3\\src\\pages\\index.ts": {"path":"E:\\FORIT\\2023q4\\REACT_2024Q3\\src\\pages\\index.ts","all":false,"statementMap":{"0":{"start":{"line":1,"column":0},"end":{"line":1,"column":52}}},"s":{"0":1},"branchMap":{},"b":{},"fnMap":{},"f":{}}
,"E:\\FORIT\\2023q4\\REACT_2024Q3\\src\\pages\\details\\Details.tsx": {"path":"E:\\FORIT\\2023q4\\REACT_2024Q3\\src\\pages\\details\\Details.tsx","all":false,"statementMap":{"0":{"start":{"line":1,"column":0},"end":{"line":1,"column":41}},"1":{"start":{"line":2,"column":0},"end":{"line":2,"column":68}},"2":{"start":{"line":3,"column":0},"end":{"line":3,"column":62}},"3":{"start":{"line":4,"column":0},"end":{"line":4,"column":58}},"5":{"start":{"line":6,"column":0},"end":{"line":6,"column":35}},"6":{"start":{"line":7,"column":0},"end":{"line":7,"column":66}},"8":{"start":{"line":9,"column":0},"end":{"line":9,"column":12}},"9":{"start":{"line":10,"column":0},"end":{"line":10,"column":15}},"10":{"start":{"line":11,"column":0},"end":{"line":11,"column":3}},"12":{"start":{"line":13,"column":0},"end":{"line":13,"column":10}},"13":{"start":{"line":14,"column":0},"end":{"line":14,"column":6}},"14":{"start":{"line":15,"column":0},"end":{"line":15,"column":38}},"15":{"start":{"line":16,"column":0},"end":{"line":16,"column":79}},"16":{"start":{"line":17,"column":0},"end":{"line":17,"column":33}},"17":{"start":{"line":18,"column":0},"end":{"line":18,"column":21}},"18":{"start":{"line":19,"column":0},"end":{"line":19,"column":12}},"19":{"start":{"line":20,"column":0},"end":{"line":20,"column":24}},"20":{"start":{"line":21,"column":0},"end":{"line":21,"column":16}},"21":{"start":{"line":22,"column":0},"end":{"line":22,"column":20}},"22":{"start":{"line":23,"column":0},"end":{"line":23,"column":42}},"23":{"start":{"line":24,"column":0},"end":{"line":24,"column":48}},"24":{"start":{"line":25,"column":0},"end":{"line":25,"column":36}},"25":{"start":{"line":26,"column":0},"end":{"line":26,"column":18}},"26":{"start":{"line":27,"column":0},"end":{"line":27,"column":63}},"27":{"start":{"line":28,"column":0},"end":{"line":28,"column":44}},"28":{"start":{"line":29,"column":0},"end":{"line":29,"column":59}},"29":{"start":{"line":30,"column":0},"end":{"line":30,"column":51}},"30":{"start":{"line":31,"column":0},"end":{"line":31,"column":51}},"31":{"start":{"line":32,"column":0},"end":{"line":32,"column":59}},"32":{"start":{"line":33,"column":0},"end":{"line":33,"column":59}},"33":{"start":{"line":34,"column":0},"end":{"line":34,"column":57}},"34":{"start":{"line":35,"column":0},"end":{"line":35,"column":21}},"35":{"start":{"line":36,"column":0},"end":{"line":36,"column":17}},"36":{"start":{"line":37,"column":0},"end":{"line":37,"column":21}},"37":{"start":{"line":38,"column":0},"end":{"line":38,"column":13}},"39":{"start":{"line":40,"column":0},"end":{"line":40,"column":36}},"40":{"start":{"line":41,"column":0},"end":{"line":41,"column":58}},"42":{"start":{"line":43,"column":0},"end":{"line":43,"column":12}},"43":{"start":{"line":44,"column":0},"end":{"line":44,"column":7}},"45":{"start":{"line":46,"column":0},"end":{"line":46,"column":1}}},"s":{"0":1,"1":1,"2":1,"3":1,"5":0,"6":0,"8":0,"9":0,"10":0,"12":0,"13":0,"14":0,"15":0,"16":0,"17":0,"18":0,"19":0,"20":0,"21":0,"22":0,"23":0,"24":0,"25":0,"26":0,"27":0,"28":0,"29":0,"30":0,"31":0,"32":0,"33":0,"34":0,"35":0,"36":0,"37":0,"39":0,"40":0,"42":0,"43":0,"45":0},"branchMap":{},"b":{},"fnMap":{"0":{"name":"Details","decl":{"start":{"line":6,"column":0},"end":{"line":46,"column":1}},"loc":{"start":{"line":6,"column":0},"end":{"line":46,"column":1}},"line":6}},"f":{"0":0}}
,"E:\\FORIT\\2023q4\\REACT_2024Q3\\src\\pages\\layout\\Layout.tsx": {"path":"E:\\FORIT\\2023q4\\REACT_2024Q3\\src\\pages\\layout\\Layout.tsx","all":false,"statementMap":{"0":{"start":{"line":1,"column":0},"end":{"line":1,"column":40}},"1":{"start":{"line":2,"column":0},"end":{"line":2,"column":56}},"2":{"start":{"line":3,"column":0},"end":{"line":3,"column":58}},"3":{"start":{"line":4,"column":0},"end":{"line":4,"column":50}},"4":{"start":{"line":5,"column":0},"end":{"line":5,"column":37}},"5":{"start":{"line":6,"column":0},"end":{"line":6,"column":58}},"7":{"start":{"line":8,"column":0},"end":{"line":8,"column":34}},"8":{"start":{"line":9,"column":0},"end":{"line":9,"column":67}},"9":{"start":{"line":10,"column":0},"end":{"line":10,"column":18}},"11":{"start":{"line":12,"column":0},"end":{"line":12,"column":10}},"12":{"start":{"line":13,"column":0},"end":{"line":13,"column":6}},"13":{"start":{"line":14,"column":0},"end":{"line":14,"column":74}},"14":{"start":{"line":15,"column":0},"end":{"line":15,"column":40}},"15":{"start":{"line":16,"column":0},"end":{"line":16,"column":40}},"16":{"start":{"line":17,"column":0},"end":{"line":17,"column":35}},"17":{"start":{"line":18,"column":0},"end":{"line":18,"column":50}},"18":{"start":{"line":19,"column":0},"end":{"line":19,"column":14}},"19":{"start":{"line":20,"column":0},"end":{"line":20,"column":18}},"20":{"start":{"line":21,"column":0},"end":{"line":21,"column":12}},"21":{"start":{"line":22,"column":0},"end":{"line":22,"column":7}},"23":{"start":{"line":24,"column":0},"end":{"line":24,"column":1}}},"s":{"0":1,"1":1,"2":1,"3":1,"4":1,"5":1,"7":8,"8":8,"9":8,"11":8,"12":8,"13":8,"14":8,"15":8,"16":8,"17":8,"18":8,"19":8,"20":8,"21":8,"23":8},"branchMap":{"0":{"type":"branch","line":8,"loc":{"start":{"line":8,"column":0},"end":{"line":24,"column":1}},"locations":[{"start":{"line":8,"column":0},"end":{"line":24,"column":1}}]},"1":{"type":"branch","line":18,"loc":{"start":{"line":18,"column":12},"end":{"line":18,"column":50}},"locations":[{"start":{"line":18,"column":12},"end":{"line":18,"column":50}}]}},"b":{"0":[8],"1":[0]},"fnMap":{"0":{"name":"Layout","decl":{"start":{"line":8,"column":0},"end":{"line":24,"column":1}},"loc":{"start":{"line":8,"column":0},"end":{"line":24,"column":1}},"line":8}},"f":{"0":8}}
,"E:\\FORIT\\2023q4\\REACT_2024Q3\\src\\pages\\not-found\\NotFound.tsx": {"path":"E:\\FORIT\\2023q4\\REACT_2024Q3\\src\\pages\\not-found\\NotFound.tsx","all":false,"statementMap":{"0":{"start":{"line":1,"column":0},"end":{"line":1,"column":66}},"1":{"start":{"line":2,"column":0},"end":{"line":2,"column":42}},"3":{"start":{"line":4,"column":0},"end":{"line":4,"column":36}},"4":{"start":{"line":5,"column":0},"end":{"line":5,"column":10}},"5":{"start":{"line":6,"column":0},"end":{"line":6,"column":33}},"6":{"start":{"line":7,"column":0},"end":{"line":7,"column":29}},"7":{"start":{"line":8,"column":0},"end":{"line":8,"column":45}},"8":{"start":{"line":9,"column":0},"end":{"line":9,"column":10}},"10":{"start":{"line":11,"column":0},"end":{"line":11,"column":1}}},"s":{"0":1,"1":1,"3":0,"4":0,"5":0,"6":0,"7":0,"8":0,"10":0},"branchMap":{},"b":{},"fnMap":{"0":{"name":"NotFound","decl":{"start":{"line":4,"column":0},"end":{"line":11,"column":1}},"loc":{"start":{"line":4,"column":0},"end":{"line":11,"column":1}},"line":4}},"f":{"0":0}}
,"E:\\FORIT\\2023q4\\REACT_2024Q3\\src\\shared\\components\\button\\Button.tsx": {"path":"E:\\FORIT\\2023q4\\REACT_2024Q3\\src\\shared\\components\\button\\Button.tsx","all":false,"statementMap":{"0":{"start":{"line":1,"column":0},"end":{"line":1,"column":44}},"1":{"start":{"line":2,"column":0},"end":{"line":2,"column":40}},"5":{"start":{"line":6,"column":0},"end":{"line":6,"column":62}},"6":{"start":{"line":7,"column":0},"end":{"line":7,"column":75}},"7":{"start":{"line":8,"column":0},"end":{"line":8,"column":23}},"8":{"start":{"line":9,"column":0},"end":{"line":9,"column":3}},"9":{"start":{"line":10,"column":0},"end":{"line":10,"column":10}},"10":{"start":{"line":11,"column":0},"end":{"line":11,"column":66}},"11":{"start":{"line":12,"column":0},"end":{"line":12,"column":16}},"12":{"start":{"line":13,"column":0},"end":{"line":13,"column":13}},"14":{"start":{"line":15,"column":0},"end":{"line":15,"column":1}}},"s":{"0":1,"1":1,"5":39,"6":39,"7":0,"8":0,"9":39,"10":39,"11":39,"12":39,"14":39},"branchMap":{"0":{"type":"branch","line":6,"loc":{"start":{"line":6,"column":0},"end":{"line":15,"column":1}},"locations":[{"start":{"line":6,"column":0},"end":{"line":15,"column":1}}]}},"b":{"0":[39]},"fnMap":{"0":{"name":"Button","decl":{"start":{"line":6,"column":0},"end":{"line":15,"column":1}},"loc":{"start":{"line":6,"column":0},"end":{"line":15,"column":1}},"line":6},"1":{"name":"handler","decl":{"start":{"line":7,"column":18},"end":{"line":9,"column":3}},"loc":{"start":{"line":7,"column":18},"end":{"line":9,"column":3}},"line":7}},"f":{"0":39,"1":0}}
,"E:\\FORIT\\2023q4\\REACT_2024Q3\\src\\shared\\components\\button\\ButtonLink.tsx": {"path":"E:\\FORIT\\2023q4\\REACT_2024Q3\\src\\shared\\components\\button\\ButtonLink.tsx","all":false,"statementMap":{"0":{"start":{"line":1,"column":0},"end":{"line":1,"column":44}},"1":{"start":{"line":2,"column":0},"end":{"line":2,"column":40}},"2":{"start":{"line":3,"column":0},"end":{"line":3,"column":39}},"8":{"start":{"line":9,"column":0},"end":{"line":9,"column":61}},"9":{"start":{"line":10,"column":0},"end":{"line":10,"column":10}},"10":{"start":{"line":11,"column":0},"end":{"line":11,"column":44}},"11":{"start":{"line":12,"column":0},"end":{"line":12,"column":16}},"12":{"start":{"line":13,"column":0},"end":{"line":13,"column":11}},"14":{"start":{"line":15,"column":0},"end":{"line":15,"column":1}}},"s":{"0":1,"1":1,"2":1,"8":0,"9":0,"10":0,"11":0,"12":0,"14":0},"branchMap":{},"b":{},"fnMap":{"0":{"name":"ButtonLink","decl":{"start":{"line":9,"column":0},"end":{"line":15,"column":1}},"loc":{"start":{"line":9,"column":0},"end":{"line":15,"column":1}},"line":9}},"f":{"0":0}}
,"E:\\FORIT\\2023q4\\REACT_2024Q3\\src\\shared\\components\\card\\Card.tsx": {"path":"E:\\FORIT\\2023q4\\REACT_2024Q3\\src\\shared\\components\\card\\Card.tsx","all":false,"statementMap":{"0":{"start":{"line":1,"column":0},"end":{"line":1,"column":39}},"2":{"start":{"line":3,"column":0},"end":{"line":3,"column":51}},"3":{"start":{"line":4,"column":0},"end":{"line":4,"column":62}},"5":{"start":{"line":6,"column":0},"end":{"line":6,"column":55}},"6":{"start":{"line":7,"column":0},"end":{"line":7,"column":47}},"7":{"start":{"line":8,"column":0},"end":{"line":8,"column":39}},"9":{"start":{"line":10,"column":0},"end":{"line":10,"column":75}},"10":{"start":{"line":11,"column":0},"end":{"line":11,"column":24}},"11":{"start":{"line":12,"column":0},"end":{"line":12,"column":33}},"12":{"start":{"line":13,"column":0},"end":{"line":13,"column":32}},"13":{"start":{"line":14,"column":0},"end":{"line":14,"column":20}},"14":{"start":{"line":15,"column":0},"end":{"line":15,"column":7}},"15":{"start":{"line":16,"column":0},"end":{"line":16,"column":4}},"17":{"start":{"line":18,"column":0},"end":{"line":18,"column":10}},"18":{"start":{"line":19,"column":0},"end":{"line":19,"column":54}},"19":{"start":{"line":20,"column":0},"end":{"line":20,"column":72}},"20":{"start":{"line":21,"column":0},"end":{"line":21,"column":21}},"21":{"start":{"line":22,"column":0},"end":{"line":22,"column":9}},"23":{"start":{"line":24,"column":0},"end":{"line":24,"column":1}}},"s":{"0":1,"2":1,"3":1,"5":0,"6":0,"7":0,"9":0,"10":0,"11":0,"12":0,"13":0,"14":0,"15":0,"17":0,"18":0,"19":0,"20":0,"21":0,"23":0},"branchMap":{},"b":{},"fnMap":{"0":{"name":"Card","decl":{"start":{"line":6,"column":0},"end":{"line":24,"column":1}},"loc":{"start":{"line":6,"column":0},"end":{"line":24,"column":1}},"line":6}},"f":{"0":0}}
,"E:\\FORIT\\2023q4\\REACT_2024Q3\\src\\shared\\components\\loader\\Loader.tsx": {"path":"E:\\FORIT\\2023q4\\REACT_2024Q3\\src\\shared\\components\\loader\\Loader.tsx","all":false,"statementMap":{"0":{"start":{"line":1,"column":0},"end":{"line":1,"column":41}},"2":{"start":{"line":3,"column":0},"end":{"line":3,"column":34}},"3":{"start":{"line":4,"column":0},"end":{"line":4,"column":10}},"4":{"start":{"line":5,"column":0},"end":{"line":5,"column":35}},"5":{"start":{"line":6,"column":0},"end":{"line":6,"column":44}},"6":{"start":{"line":7,"column":0},"end":{"line":7,"column":10}},"8":{"start":{"line":9,"column":0},"end":{"line":9,"column":1}}},"s":{"0":1,"2":5,"3":5,"4":5,"5":5,"6":5,"8":5},"branchMap":{"0":{"type":"branch","line":3,"loc":{"start":{"line":3,"column":0},"end":{"line":9,"column":1}},"locations":[{"start":{"line":3,"column":0},"end":{"line":9,"column":1}}]}},"b":{"0":[5]},"fnMap":{"0":{"name":"Loader","decl":{"start":{"line":3,"column":0},"end":{"line":9,"column":1}},"loc":{"start":{"line":3,"column":0},"end":{"line":9,"column":1}},"line":3}},"f":{"0":5}}
,"E:\\FORIT\\2023q4\\REACT_2024Q3\\src\\shared\\components\\restore-parameters\\RestoreParameters.tsx": {"path":"E:\\FORIT\\2023q4\\REACT_2024Q3\\src\\shared\\components\\restore-parameters\\RestoreParameters.tsx","all":false,"statementMap":{"0":{"start":{"line":1,"column":0},"end":{"line":1,"column":51}},"1":{"start":{"line":2,"column":0},"end":{"line":2,"column":37}},"2":{"start":{"line":3,"column":0},"end":{"line":3,"column":55}},"4":{"start":{"line":5,"column":0},"end":{"line":5,"column":45}},"5":{"start":{"line":6,"column":0},"end":{"line":6,"column":55}},"7":{"start":{"line":8,"column":0},"end":{"line":8,"column":10}},"8":{"start":{"line":9,"column":0},"end":{"line":9,"column":34}},"9":{"start":{"line":10,"column":0},"end":{"line":10,"column":41}},"11":{"start":{"line":12,"column":0},"end":{"line":12,"column":11}},"12":{"start":{"line":13,"column":0},"end":{"line":13,"column":68}},"13":{"start":{"line":14,"column":0},"end":{"line":14,"column":10}},"15":{"start":{"line":16,"column":0},"end":{"line":16,"column":1}}},"s":{"0":1,"1":1,"2":1,"4":0,"5":0,"7":0,"8":0,"9":0,"11":0,"12":0,"13":0,"15":0},"branchMap":{},"b":{},"fnMap":{"0":{"name":"RestoreParameters","decl":{"start":{"line":5,"column":0},"end":{"line":16,"column":1}},"loc":{"start":{"line":5,"column":0},"end":{"line":16,"column":1}},"line":5}},"f":{"0":0}}
,"E:\\FORIT\\2023q4\\REACT_2024Q3\\src\\shared\\hooks\\useCardDetails.ts": {"path":"E:\\FORIT\\2023q4\\REACT_2024Q3\\src\\shared\\hooks\\useCardDetails.ts","all":false,"statementMap":{"0":{"start":{"line":1,"column":0},"end":{"line":1,"column":43}},"1":{"start":{"line":2,"column":0},"end":{"line":2,"column":55}},"3":{"start":{"line":4,"column":0},"end":{"line":4,"column":45}},"5":{"start":{"line":6,"column":0},"end":{"line":6,"column":42}},"6":{"start":{"line":7,"column":0},"end":{"line":7,"column":55}},"7":{"start":{"line":8,"column":0},"end":{"line":8,"column":59}},"8":{"start":{"line":9,"column":0},"end":{"line":9,"column":52}},"10":{"start":{"line":11,"column":0},"end":{"line":11,"column":41}},"11":{"start":{"line":12,"column":0},"end":{"line":12,"column":9}},"12":{"start":{"line":13,"column":0},"end":{"line":13,"column":24}},"13":{"start":{"line":14,"column":0},"end":{"line":14,"column":39}},"14":{"start":{"line":15,"column":0},"end":{"line":15,"column":22}},"15":{"start":{"line":16,"column":0},"end":{"line":16,"column":13}},"16":{"start":{"line":17,"column":0},"end":{"line":17,"column":27}},"17":{"start":{"line":18,"column":0},"end":{"line":18,"column":15}},"18":{"start":{"line":19,"column":0},"end":{"line":19,"column":25}},"19":{"start":{"line":20,"column":0},"end":{"line":20,"column":5}},"20":{"start":{"line":21,"column":0},"end":{"line":21,"column":3}},"22":{"start":{"line":23,"column":0},"end":{"line":23,"column":19}},"23":{"start":{"line":24,"column":0},"end":{"line":24,"column":25}},"24":{"start":{"line":25,"column":0},"end":{"line":25,"column":21}},"25":{"start":{"line":26,"column":0},"end":{"line":26,"column":10}},"27":{"start":{"line":28,"column":0},"end":{"line":28,"column":48}},"28":{"start":{"line":29,"column":0},"end":{"line":29,"column":1}}},"s":{"0":1,"1":1,"3":1,"5":0,"6":0,"7":0,"8":0,"10":0,"11":0,"12":0,"13":0,"14":0,"15":0,"16":0,"17":0,"18":0,"19":0,"20":0,"22":0,"23":0,"24":0,"25":0,"27":0,"28":0},"branchMap":{},"b":{},"fnMap":{"0":{"name":"UseCardDetails","decl":{"start":{"line":6,"column":0},"end":{"line":29,"column":1}},"loc":{"start":{"line":6,"column":0},"end":{"line":29,"column":1}},"line":6}},"f":{"0":0}}
,"E:\\FORIT\\2023q4\\REACT_2024Q3\\src\\shared\\hooks\\useCardQuery.ts": {"path":"E:\\FORIT\\2023q4\\REACT_2024Q3\\src\\shared\\hooks\\useCardQuery.ts","all":false,"statementMap":{"0":{"start":{"line":1,"column":0},"end":{"line":1,"column":56}},"1":{"start":{"line":2,"column":0},"end":{"line":2,"column":54}},"2":{"start":{"line":3,"column":0},"end":{"line":3,"column":45}},"4":{"start":{"line":5,"column":0},"end":{"line":5,"column":43}},"6":{"start":{"line":7,"column":0},"end":{"line":7,"column":40}},"7":{"start":{"line":8,"column":0},"end":{"line":8,"column":59}},"8":{"start":{"line":9,"column":0},"end":{"line":9,"column":57}},"9":{"start":{"line":10,"column":0},"end":{"line":10,"column":70}},"10":{"start":{"line":11,"column":0},"end":{"line":11,"column":52}},"12":{"start":{"line":13,"column":0},"end":{"line":13,"column":19}},"13":{"start":{"line":14,"column":0},"end":{"line":14,"column":26}},"14":{"start":{"line":15,"column":0},"end":{"line":15,"column":15}},"15":{"start":{"line":16,"column":0},"end":{"line":16,"column":37}},"16":{"start":{"line":17,"column":0},"end":{"line":17,"column":13}},"17":{"start":{"line":18,"column":0},"end":{"line":18,"column":28}},"18":{"start":{"line":19,"column":0},"end":{"line":19,"column":58}},"19":{"start":{"line":20,"column":0},"end":{"line":20,"column":27}},"20":{"start":{"line":21,"column":0},"end":{"line":21,"column":29}},"21":{"start":{"line":22,"column":0},"end":{"line":22,"column":18}},"22":{"start":{"line":23,"column":0},"end":{"line":23,"column":50}},"23":{"start":{"line":24,"column":0},"end":{"line":24,"column":11}},"24":{"start":{"line":25,"column":0},"end":{"line":25,"column":19}},"25":{"start":{"line":26,"column":0},"end":{"line":26,"column":29}},"26":{"start":{"line":27,"column":0},"end":{"line":27,"column":9}},"27":{"start":{"line":28,"column":0},"end":{"line":28,"column":7}},"28":{"start":{"line":29,"column":0},"end":{"line":29,"column":17}},"29":{"start":{"line":30,"column":0},"end":{"line":30,"column":5}},"30":{"start":{"line":31,"column":0},"end":{"line":31,"column":24}},"32":{"start":{"line":33,"column":0},"end":{"line":33,"column":39}},"33":{"start":{"line":34,"column":0},"end":{"line":34,"column":23}},"34":{"start":{"line":35,"column":0},"end":{"line":35,"column":25}},"35":{"start":{"line":36,"column":0},"end":{"line":36,"column":20}},"36":{"start":{"line":37,"column":0},"end":{"line":37,"column":6}},"37":{"start":{"line":38,"column":0},"end":{"line":38,"column":30}},"38":{"start":{"line":39,"column":0},"end":{"line":39,"column":3}},"40":{"start":{"line":41,"column":0},"end":{"line":41,"column":66}},"41":{"start":{"line":42,"column":0},"end":{"line":42,"column":1}}},"s":{"0":1,"1":1,"2":1,"4":1,"6":8,"7":8,"8":8,"9":8,"10":8,"12":8,"13":5,"14":5,"15":3,"16":3,"17":3,"18":3,"19":0,"20":0,"21":0,"22":0,"23":0,"24":3,"25":0,"26":0,"27":3,"28":3,"29":3,"30":8,"32":8,"33":8,"34":1,"35":1,"36":1,"37":8,"38":8,"40":8,"41":8},"branchMap":{"0":{"type":"branch","line":7,"loc":{"start":{"line":7,"column":0},"end":{"line":42,"column":1}},"locations":[{"start":{"line":7,"column":0},"end":{"line":42,"column":1}}]},"1":{"type":"branch","line":13,"loc":{"start":{"line":13,"column":12},"end":{"line":31,"column":5}},"locations":[{"start":{"line":13,"column":12},"end":{"line":31,"column":5}}]},"2":{"type":"branch","line":15,"loc":{"start":{"line":15,"column":14},"end":{"line":30,"column":5}},"locations":[{"start":{"line":15,"column":14},"end":{"line":30,"column":5}}]},"3":{"type":"branch","line":16,"loc":{"start":{"line":16,"column":24},"end":{"line":28,"column":7}},"locations":[{"start":{"line":16,"column":24},"end":{"line":28,"column":7}}]},"4":{"type":"branch","line":19,"loc":{"start":{"line":19,"column":57},"end":{"line":24,"column":11}},"locations":[{"start":{"line":19,"column":57},"end":{"line":24,"column":11}}]},"5":{"type":"branch","line":25,"loc":{"start":{"line":25,"column":8},"end":{"line":27,"column":9}},"locations":[{"start":{"line":25,"column":8},"end":{"line":27,"column":9}}]},"6":{"type":"branch","line":34,"loc":{"start":{"line":34,"column":4},"end":{"line":37,"column":6}},"locations":[{"start":{"line":34,"column":4},"end":{"line":37,"column":6}}]}},"b":{"0":[8],"1":[5],"2":[3],"3":[3],"4":[0],"5":[0],"6":[1]},"fnMap":{"0":{"name":"UseCardQuery","decl":{"start":{"line":7,"column":0},"end":{"line":42,"column":1}},"loc":{"start":{"line":7,"column":0},"end":{"line":42,"column":1}},"line":7},"1":{"name":"makeQuery","decl":{"start":{"line":16,"column":24},"end":{"line":28,"column":7}},"loc":{"start":{"line":16,"column":24},"end":{"line":28,"column":7}},"line":16}},"f":{"0":8,"1":3}}
,"E:\\FORIT\\2023q4\\REACT_2024Q3\\src\\shared\\hooks\\useQueryParams.ts": {"path":"E:\\FORIT\\2023q4\\REACT_2024Q3\\src\\shared\\hooks\\useQueryParams.ts","all":false,"statementMap":{"0":{"start":{"line":1,"column":0},"end":{"line":1,"column":50}},"2":{"start":{"line":3,"column":0},"end":{"line":3,"column":46}},"4":{"start":{"line":5,"column":0},"end":{"line":5,"column":48}},"5":{"start":{"line":6,"column":0},"end":{"line":6,"column":59}},"7":{"start":{"line":8,"column":0},"end":{"line":8,"column":39}},"9":{"start":{"line":10,"column":0},"end":{"line":10,"column":40}},"11":{"start":{"line":12,"column":0},"end":{"line":12,"column":32}},"12":{"start":{"line":13,"column":0},"end":{"line":13,"column":36}},"13":{"start":{"line":14,"column":0},"end":{"line":14,"column":35}},"14":{"start":{"line":15,"column":0},"end":{"line":15,"column":30}},"15":{"start":{"line":16,"column":0},"end":{"line":16,"column":21}},"16":{"start":{"line":17,"column":0},"end":{"line":17,"column":8}},"17":{"start":{"line":18,"column":0},"end":{"line":18,"column":6}},"18":{"start":{"line":19,"column":0},"end":{"line":19,"column":27}},"19":{"start":{"line":20,"column":0},"end":{"line":20,"column":3}},"21":{"start":{"line":22,"column":0},"end":{"line":22,"column":29}},"22":{"start":{"line":23,"column":0},"end":{"line":23,"column":33}},"23":{"start":{"line":24,"column":0},"end":{"line":24,"column":25}},"24":{"start":{"line":25,"column":0},"end":{"line":25,"column":19}},"25":{"start":{"line":26,"column":0},"end":{"line":26,"column":6}},"26":{"start":{"line":27,"column":0},"end":{"line":27,"column":3}},"28":{"start":{"line":29,"column":0},"end":{"line":29,"column":36}},"29":{"start":{"line":30,"column":0},"end":{"line":30,"column":33}},"30":{"start":{"line":31,"column":0},"end":{"line":31,"column":30}},"31":{"start":{"line":32,"column":0},"end":{"line":32,"column":19}},"32":{"start":{"line":33,"column":0},"end":{"line":33,"column":6}},"33":{"start":{"line":34,"column":0},"end":{"line":34,"column":26}},"34":{"start":{"line":35,"column":0},"end":{"line":35,"column":3}},"36":{"start":{"line":37,"column":0},"end":{"line":37,"column":19}},"37":{"start":{"line":38,"column":0},"end":{"line":38,"column":16}},"38":{"start":{"line":39,"column":0},"end":{"line":39,"column":28}},"39":{"start":{"line":40,"column":0},"end":{"line":40,"column":5}},"40":{"start":{"line":41,"column":0},"end":{"line":41,"column":23}},"42":{"start":{"line":43,"column":0},"end":{"line":43,"column":65}},"43":{"start":{"line":44,"column":0},"end":{"line":44,"column":1}},"45":{"start":{"line":46,"column":0},"end":{"line":46,"column":29}}},"s":{"0":1,"2":1,"4":1,"5":12,"7":12,"9":12,"11":12,"12":12,"13":6,"14":6,"15":6,"16":6,"17":6,"18":12,"19":12,"21":12,"22":0,"23":0,"24":0,"25":0,"26":0,"28":12,"29":0,"30":0,"31":0,"32":0,"33":0,"34":0,"36":12,"37":8,"38":3,"39":3,"40":12,"42":12,"43":12,"45":1},"branchMap":{"0":{"type":"branch","line":5,"loc":{"start":{"line":5,"column":23},"end":{"line":44,"column":1}},"locations":[{"start":{"line":5,"column":23},"end":{"line":44,"column":1}}]},"1":{"type":"branch","line":13,"loc":{"start":{"line":13,"column":4},"end":{"line":18,"column":6}},"locations":[{"start":{"line":13,"column":4},"end":{"line":18,"column":6}}]},"2":{"type":"branch","line":14,"loc":{"start":{"line":14,"column":22},"end":{"line":17,"column":7}},"locations":[{"start":{"line":14,"column":22},"end":{"line":17,"column":7}}]},"3":{"type":"branch","line":37,"loc":{"start":{"line":37,"column":12},"end":{"line":41,"column":5}},"locations":[{"start":{"line":37,"column":12},"end":{"line":41,"column":5}}]},"4":{"type":"branch","line":38,"loc":{"start":{"line":38,"column":15},"end":{"line":40,"column":5}},"locations":[{"start":{"line":38,"column":15},"end":{"line":40,"column":5}}]}},"b":{"0":[12],"1":[6],"2":[6],"3":[8],"4":[3]},"fnMap":{"0":{"name":"UseQueryParams","decl":{"start":{"line":5,"column":23},"end":{"line":44,"column":1}},"loc":{"start":{"line":5,"column":23},"end":{"line":44,"column":1}},"line":5},"1":{"name":"clearParams","decl":{"start":{"line":22,"column":22},"end":{"line":27,"column":3}},"loc":{"start":{"line":22,"column":22},"end":{"line":27,"column":3}},"line":22},"2":{"name":"resetAllParameters","decl":{"start":{"line":29,"column":29},"end":{"line":35,"column":3}},"loc":{"start":{"line":29,"column":29},"end":{"line":35,"column":3}},"line":29}},"f":{"0":12,"1":0,"2":0}}
,"E:\\FORIT\\2023q4\\REACT_2024Q3\\src\\shared\\hooks\\useSaveQuery.ts": {"path":"E:\\FORIT\\2023q4\\REACT_2024Q3\\src\\shared\\hooks\\useSaveQuery.ts","all":false,"statementMap":{"0":{"start":{"line":1,"column":0},"end":{"line":1,"column":56}},"2":{"start":{"line":3,"column":0},"end":{"line":3,"column":40}},"4":{"start":{"line":5,"column":0},"end":{"line":5,"column":43}},"8":{"start":{"line":9,"column":0},"end":{"line":9,"column":3}},"9":{"start":{"line":10,"column":0},"end":{"line":10,"column":72}},"11":{"start":{"line":12,"column":0},"end":{"line":12,"column":19}},"12":{"start":{"line":13,"column":0},"end":{"line":13,"column":39}},"13":{"start":{"line":14,"column":0},"end":{"line":14,"column":13}},"15":{"start":{"line":16,"column":0},"end":{"line":16,"column":44}},"16":{"start":{"line":17,"column":0},"end":{"line":17,"column":16}},"17":{"start":{"line":18,"column":0},"end":{"line":18,"column":13}},"19":{"start":{"line":20,"column":0},"end":{"line":20,"column":42}},"20":{"start":{"line":21,"column":0},"end":{"line":21,"column":1}}},"s":{"0":1,"2":1,"4":8,"8":8,"9":8,"11":8,"12":3,"13":8,"15":8,"16":6,"17":8,"19":8,"20":8},"branchMap":{"0":{"type":"branch","line":5,"loc":{"start":{"line":5,"column":0},"end":{"line":21,"column":1}},"locations":[{"start":{"line":5,"column":0},"end":{"line":21,"column":1}}]},"1":{"type":"branch","line":10,"loc":{"start":{"line":10,"column":64},"end":{"line":10,"column":71}},"locations":[{"start":{"line":10,"column":64},"end":{"line":10,"column":71}}]},"2":{"type":"branch","line":12,"loc":{"start":{"line":12,"column":12},"end":{"line":14,"column":5}},"locations":[{"start":{"line":12,"column":12},"end":{"line":14,"column":5}}]},"3":{"type":"branch","line":16,"loc":{"start":{"line":16,"column":37},"end":{"line":18,"column":5}},"locations":[{"start":{"line":16,"column":37},"end":{"line":18,"column":5}}]}},"b":{"0":[8],"1":[0],"2":[3],"3":[6]},"fnMap":{"0":{"name":"UseWordStorage","decl":{"start":{"line":5,"column":0},"end":{"line":21,"column":1}},"loc":{"start":{"line":5,"column":0},"end":{"line":21,"column":1}},"line":5}},"f":{"0":8}}
,"E:\\FORIT\\2023q4\\REACT_2024Q3\\src\\shared\\utils\\getData\\getCardList.ts": {"path":"E:\\FORIT\\2023q4\\REACT_2024Q3\\src\\shared\\utils\\getData\\getCardList.ts","all":false,"statementMap":{"2":{"start":{"line":3,"column":0},"end":{"line":3,"column":80}},"3":{"start":{"line":4,"column":0},"end":{"line":4,"column":7}},"4":{"start":{"line":5,"column":0},"end":{"line":5,"column":33}},"5":{"start":{"line":6,"column":0},"end":{"line":6,"column":93}},"6":{"start":{"line":7,"column":0},"end":{"line":7,"column":5}},"7":{"start":{"line":8,"column":0},"end":{"line":8,"column":51}},"8":{"start":{"line":9,"column":0},"end":{"line":9,"column":15}},"9":{"start":{"line":10,"column":0},"end":{"line":10,"column":11}},"10":{"start":{"line":11,"column":0},"end":{"line":11,"column":37}},"11":{"start":{"line":12,"column":0},"end":{"line":12,"column":3}},"12":{"start":{"line":13,"column":0},"end":{"line":13,"column":1}}},"s":{"2":3,"3":3,"4":3,"5":3,"6":3,"7":0,"8":0,"9":0,"10":0,"11":0,"12":3},"branchMap":{"0":{"type":"branch","line":3,"loc":{"start":{"line":3,"column":0},"end":{"line":13,"column":1}},"locations":[{"start":{"line":3,"column":0},"end":{"line":13,"column":1}}]},"1":{"type":"branch","line":6,"loc":{"start":{"line":6,"column":44},"end":{"line":6,"column":55}},"locations":[{"start":{"line":6,"column":44},"end":{"line":6,"column":55}}]},"2":{"type":"branch","line":6,"loc":{"start":{"line":6,"column":84},"end":{"line":6,"column":91}},"locations":[{"start":{"line":6,"column":84},"end":{"line":6,"column":91}}]},"3":{"type":"branch","line":7,"loc":{"start":{"line":7,"column":4},"end":{"line":12,"column":3}},"locations":[{"start":{"line":7,"column":4},"end":{"line":12,"column":3}}]}},"b":{"0":[3],"1":[0],"2":[0],"3":[0]},"fnMap":{"0":{"name":"getCardList","decl":{"start":{"line":3,"column":0},"end":{"line":13,"column":1}},"loc":{"start":{"line":3,"column":0},"end":{"line":13,"column":1}},"line":3}},"f":{"0":3}}
,"E:\\FORIT\\2023q4\\REACT_2024Q3\\src\\shared\\utils\\getDetails\\getDetails.ts": {"path":"E:\\FORIT\\2023q4\\REACT_2024Q3\\src\\shared\\utils\\getDetails\\getDetails.ts","all":false,"statementMap":{"2":{"start":{"line":3,"column":0},"end":{"line":3,"column":54}},"3":{"start":{"line":4,"column":0},"end":{"line":4,"column":7}},"4":{"start":{"line":5,"column":0},"end":{"line":5,"column":71}},"5":{"start":{"line":6,"column":0},"end":{"line":6,"column":23}},"6":{"start":{"line":7,"column":0},"end":{"line":7,"column":40}},"7":{"start":{"line":8,"column":0},"end":{"line":8,"column":5}},"8":{"start":{"line":9,"column":0},"end":{"line":9,"column":49}},"9":{"start":{"line":10,"column":0},"end":{"line":10,"column":16}},"10":{"start":{"line":11,"column":0},"end":{"line":11,"column":15}},"11":{"start":{"line":12,"column":0},"end":{"line":12,"column":29}},"12":{"start":{"line":13,"column":0},"end":{"line":13,"column":14}},"13":{"start":{"line":14,"column":0},"end":{"line":14,"column":5}},"14":{"start":{"line":15,"column":0},"end":{"line":15,"column":3}},"15":{"start":{"line":16,"column":0},"end":{"line":16,"column":1}}},"s":{"2":0,"3":0,"4":0,"5":0,"6":0,"7":0,"8":0,"9":0,"10":0,"11":0,"12":0,"13":0,"14":0,"15":0},"branchMap":{},"b":{},"fnMap":{"0":{"name":"getDetails","decl":{"start":{"line":3,"column":0},"end":{"line":16,"column":1}},"loc":{"start":{"line":3,"column":0},"end":{"line":16,"column":1}},"line":3}},"f":{"0":0}}
,"E:\\FORIT\\2023q4\\REACT_2024Q3\\src\\shared\\utils\\getImageSrc\\getImageSrc.ts": {"path":"E:\\FORIT\\2023q4\\REACT_2024Q3\\src\\shared\\utils\\getImageSrc\\getImageSrc.ts","all":false,"statementMap":{"0":{"start":{"line":1,"column":0},"end":{"line":1,"column":50}},"1":{"start":{"line":2,"column":0},"end":{"line":2,"column":39}},"2":{"start":{"line":3,"column":0},"end":{"line":3,"column":76}},"3":{"start":{"line":4,"column":0},"end":{"line":4,"column":1}}},"s":{"0":0,"1":0,"2":0,"3":0},"branchMap":{},"b":{},"fnMap":{"0":{"name":"getImageSrc","decl":{"start":{"line":1,"column":0},"end":{"line":4,"column":1}},"loc":{"start":{"line":1,"column":0},"end":{"line":4,"column":1}},"line":1}},"f":{"0":0}}
}
